{
  "stats": {
    "suites": 5,
    "tests": 16,
    "passes": 15,
    "pending": 0,
    "failures": 1,
    "testsRegistered": 16,
    "passPercent": 93.75,
    "pendingPercent": 0,
    "other": 0,
    "hasOther": false,
    "skipped": 0,
    "hasSkipped": false,
    "start": "2023-04-09T18:25:35.177Z",
    "end": "2023-04-09T18:27:10.817Z",
    "duration": 95640
  },
  "results": [
    {
      "uuid": "63eec7ee-ab93-4838-8d81-cc608311f0ab",
      "title": "",
      "fullFile": "cypress\\e2e\\test-hover.cy.js",
      "file": "cypress\\e2e\\test-hover.cy.js",
      "beforeHooks": [],
      "afterHooks": [],
      "tests": [],
      "suites": [
        {
          "uuid": "3321a399-9e51-4ef4-b001-2bebf74cfcd7",
          "title": "Test suit for hovering",
          "fullFile": "",
          "file": "",
          "beforeHooks": [],
          "afterHooks": [],
          "tests": [
            {
              "title": "Should be shown hidden elements",
              "fullTitle": "Test suit for hovering Should be shown hidden elements",
              "timedOut": null,
              "duration": 901,
              "state": "passed",
              "speed": "fast",
              "pass": true,
              "fail": false,
              "pending": false,
              "context": null,
              "code": "hover.mouseOver(); // This method hover over the element \nhover.hoverStatus(); // This assert the element when clicking on the URL that is now visible.",
              "err": {},
              "uuid": "693dc3da-f6c2-4109-ad68-5922052f62d2",
              "parentUUID": "3321a399-9e51-4ef4-b001-2bebf74cfcd7",
              "isHook": false,
              "skipped": false
            }
          ],
          "suites": [],
          "passes": [
            "693dc3da-f6c2-4109-ad68-5922052f62d2"
          ],
          "failures": [],
          "pending": [],
          "skipped": [],
          "duration": 901,
          "root": false,
          "rootEmpty": false,
          "_timeout": 2000
        }
      ],
      "passes": [],
      "failures": [],
      "pending": [],
      "skipped": [],
      "duration": 0,
      "root": true,
      "rootEmpty": true,
      "_timeout": 2000
    },
    {
      "uuid": "9b65cc1f-c79e-489f-a266-faa7c72af3e0",
      "title": "",
      "fullFile": "cypress\\e2e\\test-input.cy.js",
      "file": "cypress\\e2e\\test-input.cy.js",
      "beforeHooks": [],
      "afterHooks": [],
      "tests": [],
      "suites": [
        {
          "uuid": "dbcdcffd-381f-467c-8f86-5d6ddb876a0e",
          "title": "Input test suit",
          "fullFile": "",
          "file": "",
          "beforeHooks": [],
          "afterHooks": [],
          "tests": [
            {
              "title": "Should be able to introduce a positive value",
              "fullTitle": "Input test suit Should be able to introduce a positive value",
              "timedOut": null,
              "duration": 21891,
              "state": "passed",
              "speed": "slow",
              "pass": true,
              "fail": false,
              "pending": false,
              "context": null,
              "code": "input.setNumber(35);",
              "err": {},
              "uuid": "b9596aed-78b1-47c8-b5e7-3ffc7ac4c5aa",
              "parentUUID": "dbcdcffd-381f-467c-8f86-5d6ddb876a0e",
              "isHook": false,
              "skipped": false
            },
            {
              "title": "Should be able to introduce a negative value",
              "fullTitle": "Input test suit Should be able to introduce a negative value",
              "timedOut": null,
              "duration": 378,
              "state": "passed",
              "speed": "fast",
              "pass": true,
              "fail": false,
              "pending": false,
              "context": null,
              "code": "input.setNumber(-35);",
              "err": {},
              "uuid": "92511256-d5da-4d30-a5cf-234ebccebb13",
              "parentUUID": "dbcdcffd-381f-467c-8f86-5d6ddb876a0e",
              "isHook": false,
              "skipped": false
            },
            {
              "title": "Should not be able to introduce any text",
              "fullTitle": "Input test suit Should not be able to introduce any text",
              "timedOut": null,
              "duration": 437,
              "state": "passed",
              "speed": "fast",
              "pass": true,
              "fail": false,
              "pending": false,
              "context": null,
              "code": "input.setText('saludos');",
              "err": {},
              "uuid": "a570cb34-084b-4726-b3d3-933e5c3e037b",
              "parentUUID": "dbcdcffd-381f-467c-8f86-5d6ddb876a0e",
              "isHook": false,
              "skipped": false
            }
          ],
          "suites": [],
          "passes": [
            "b9596aed-78b1-47c8-b5e7-3ffc7ac4c5aa",
            "92511256-d5da-4d30-a5cf-234ebccebb13",
            "a570cb34-084b-4726-b3d3-933e5c3e037b"
          ],
          "failures": [],
          "pending": [],
          "skipped": [],
          "duration": 22706,
          "root": false,
          "rootEmpty": false,
          "_timeout": 2000
        }
      ],
      "passes": [],
      "failures": [],
      "pending": [],
      "skipped": [],
      "duration": 0,
      "root": true,
      "rootEmpty": true,
      "_timeout": 2000
    },
    {
      "uuid": "8b6f4add-9d80-44cd-bf79-851d4683b556",
      "title": "",
      "fullFile": "cypress\\e2e\\test-login.cy.js",
      "file": "cypress\\e2e\\test-login.cy.js",
      "beforeHooks": [],
      "afterHooks": [],
      "tests": [],
      "suites": [
        {
          "uuid": "698baa08-eb8e-47aa-9dc8-ecd3e7f5a783",
          "title": "Test suit in order to test login page",
          "fullFile": "",
          "file": "",
          "beforeHooks": [],
          "afterHooks": [],
          "tests": [
            {
              "title": "User is logged into successfully",
              "fullTitle": "Test suit in order to test login page User is logged into successfully",
              "timedOut": null,
              "duration": 1704,
              "state": "passed",
              "speed": "fast",
              "pass": true,
              "fail": false,
              "pending": false,
              "context": null,
              "code": "lgn.setUserName(data[\"username\"][0]);\nlgn.setPassword(data[\"password\"][0]);\nlgn.clickSubmit();\nlgn.verifyLogin(\"You logged\");",
              "err": {},
              "uuid": "4d73ff26-e7a2-4a1a-86e6-739b8743fc84",
              "parentUUID": "698baa08-eb8e-47aa-9dc8-ecd3e7f5a783",
              "isHook": false,
              "skipped": false
            },
            {
              "title": "User is not logged into by using invalid username",
              "fullTitle": "Test suit in order to test login page User is not logged into by using invalid username",
              "timedOut": null,
              "duration": 1044,
              "state": "passed",
              "speed": "fast",
              "pass": true,
              "fail": false,
              "pending": false,
              "context": null,
              "code": "lgn.setUserName(data[\"username\"][1]);\nlgn.setPassword(data[\"password\"][0]);\nlgn.clickSubmit();\nlgn.verifyLogin(\"Your username is invalid!\");",
              "err": {},
              "uuid": "cfb15497-fbac-4c87-b945-42721791ae41",
              "parentUUID": "698baa08-eb8e-47aa-9dc8-ecd3e7f5a783",
              "isHook": false,
              "skipped": false
            },
            {
              "title": "User is not logged into by using invalid password",
              "fullTitle": "Test suit in order to test login page User is not logged into by using invalid password",
              "timedOut": null,
              "duration": 949,
              "state": "passed",
              "speed": "fast",
              "pass": true,
              "fail": false,
              "pending": false,
              "context": null,
              "code": "lgn.setUserName(data[\"username\"][0]);\nlgn.setPassword(data[\"password\"][1]);\nlgn.clickSubmit();\nlgn.verifyLogin(\"Your password is invalid!\");",
              "err": {},
              "uuid": "f1a3987b-91fd-4e38-82c0-e4b93f7c26f9",
              "parentUUID": "698baa08-eb8e-47aa-9dc8-ecd3e7f5a783",
              "isHook": false,
              "skipped": false
            },
            {
              "title": "User is not logged into if no data is filled in the labels",
              "fullTitle": "Test suit in order to test login page User is not logged into if no data is filled in the labels",
              "timedOut": null,
              "duration": 442,
              "state": "passed",
              "speed": "fast",
              "pass": true,
              "fail": false,
              "pending": false,
              "context": null,
              "code": "lgn.clickSubmit();\nlgn.verifyLogin(\"Your username is invalid!\");",
              "err": {},
              "uuid": "3031ec25-6d9b-453d-ac93-b8d865f115ae",
              "parentUUID": "698baa08-eb8e-47aa-9dc8-ecd3e7f5a783",
              "isHook": false,
              "skipped": false
            }
          ],
          "suites": [],
          "passes": [
            "4d73ff26-e7a2-4a1a-86e6-739b8743fc84",
            "cfb15497-fbac-4c87-b945-42721791ae41",
            "f1a3987b-91fd-4e38-82c0-e4b93f7c26f9",
            "3031ec25-6d9b-453d-ac93-b8d865f115ae"
          ],
          "failures": [],
          "pending": [],
          "skipped": [],
          "duration": 4139,
          "root": false,
          "rootEmpty": false,
          "_timeout": 2000
        }
      ],
      "passes": [],
      "failures": [],
      "pending": [],
      "skipped": [],
      "duration": 0,
      "root": true,
      "rootEmpty": true,
      "_timeout": 2000
    },
    {
      "uuid": "e5b311d7-4f62-4248-aa26-e03db66552c3",
      "title": "",
      "fullFile": "cypress\\e2e\\test-select.cy.js",
      "file": "cypress\\e2e\\test-select.cy.js",
      "beforeHooks": [],
      "afterHooks": [],
      "tests": [],
      "suites": [
        {
          "uuid": "52cf8da5-2ad0-41d2-8093-49577bb489e4",
          "title": "Test suit in order to test dropdown",
          "fullFile": "",
          "file": "",
          "beforeHooks": [],
          "afterHooks": [],
          "tests": [
            {
              "title": "Select first item",
              "fullTitle": "Test suit in order to test dropdown Select first item",
              "timedOut": null,
              "duration": 21849,
              "state": "passed",
              "speed": "slow",
              "pass": true,
              "fail": false,
              "pending": false,
              "context": null,
              "code": "slct.setOption(\"Option 1\");",
              "err": {},
              "uuid": "bb972e06-8295-419f-9a21-e031a5293658",
              "parentUUID": "52cf8da5-2ad0-41d2-8093-49577bb489e4",
              "isHook": false,
              "skipped": false
            },
            {
              "title": "Select second item",
              "fullTitle": "Test suit in order to test dropdown Select second item",
              "timedOut": null,
              "duration": 332,
              "state": "passed",
              "speed": "fast",
              "pass": true,
              "fail": false,
              "pending": false,
              "context": null,
              "code": "slct.setOption(\"Option 2\");",
              "err": {},
              "uuid": "c83ca89c-188e-4396-ad7f-abb56afb23fb",
              "parentUUID": "52cf8da5-2ad0-41d2-8093-49577bb489e4",
              "isHook": false,
              "skipped": false
            },
            {
              "title": "Option should be preselected",
              "fullTitle": "Test suit in order to test dropdown Option should be preselected",
              "timedOut": null,
              "duration": 176,
              "state": "passed",
              "speed": "fast",
              "pass": true,
              "fail": false,
              "pending": false,
              "context": null,
              "code": "slct.showStatus();",
              "err": {},
              "uuid": "42721dc8-d449-4f19-aa50-77c091c452fb",
              "parentUUID": "52cf8da5-2ad0-41d2-8093-49577bb489e4",
              "isHook": false,
              "skipped": false
            },
            {
              "title": "Option should be disabled",
              "fullTitle": "Test suit in order to test dropdown Option should be disabled",
              "timedOut": null,
              "duration": 195,
              "state": "passed",
              "speed": "fast",
              "pass": true,
              "fail": false,
              "pending": false,
              "context": null,
              "code": "slct.showStatus();",
              "err": {},
              "uuid": "e428fb29-870a-4427-91d0-f37647a2d782",
              "parentUUID": "52cf8da5-2ad0-41d2-8093-49577bb489e4",
              "isHook": false,
              "skipped": false
            }
          ],
          "suites": [],
          "passes": [
            "bb972e06-8295-419f-9a21-e031a5293658",
            "c83ca89c-188e-4396-ad7f-abb56afb23fb",
            "42721dc8-d449-4f19-aa50-77c091c452fb",
            "e428fb29-870a-4427-91d0-f37647a2d782"
          ],
          "failures": [],
          "pending": [],
          "skipped": [],
          "duration": 22552,
          "root": false,
          "rootEmpty": false,
          "_timeout": 2000
        }
      ],
      "passes": [],
      "failures": [],
      "pending": [],
      "skipped": [],
      "duration": 0,
      "root": true,
      "rootEmpty": true,
      "_timeout": 2000
    },
    {
      "uuid": "310e6ac3-0130-4d7e-bab5-0f4b1d0d3c24",
      "title": "",
      "fullFile": "cypress\\e2e\\smoke-test.cy.js",
      "file": "cypress\\e2e\\smoke-test.cy.js",
      "beforeHooks": [],
      "afterHooks": [],
      "tests": [],
      "suites": [
        {
          "uuid": "7081d619-ca07-422f-aa0d-d1b44cbe92dd",
          "title": "Smoke test plan to check on the urls are available",
          "fullFile": "",
          "file": "",
          "beforeHooks": [],
          "afterHooks": [],
          "tests": [
            {
              "title": "Check on select url",
              "fullTitle": "Smoke test plan to check on the urls are available Check on select url",
              "timedOut": null,
              "duration": 21497,
              "state": "failed",
              "speed": null,
              "pass": false,
              "fail": true,
              "pending": false,
              "context": null,
              "code": "select.url(); // Smoke test to check if the URL are working before testing",
              "err": {
                "message": "CypressError: `cy.visit()` failed trying to load:\n\nhttps://the-internet.herokuapp.com/dropdown\n\nWe attempted to make an http request to this URL but the request failed without a response.\n\nWe received this error at the network level:\n\n  > Error: connect ETIMEDOUT 54.243.238.66:443\n\nCommon situations why this would fail:\n  - you don't have internet access\n  - you forgot to run / boot your web server\n  - your web server isn't accessible\n  - you have weird network configuration settings on your computer",
                "estack": "CypressError: `cy.visit()` failed trying to load:\n\nhttps://the-internet.herokuapp.com/dropdown\n\nWe attempted to make an http request to this URL but the request failed without a response.\n\nWe received this error at the network level:\n\n  > Error: connect ETIMEDOUT 54.243.238.66:443\n\nCommon situations why this would fail:\n  - you don't have internet access\n  - you forgot to run / boot your web server\n  - your web server isn't accessible\n  - you have weird network configuration settings on your computer\n    at <unknown> (http://localhost:60886/__cypress/runner/cypress_runner.js:138252:82)\n    at visitFailedByErr (http://localhost:60886/__cypress/runner/cypress_runner.js:137644:12)\n    at <unknown> (http://localhost:60886/__cypress/runner/cypress_runner.js:138251:11)\n    at tryCatcher (http://localhost:60886/__cypress/runner/cypress_runner.js:8914:23)\n    at Promise._settlePromiseFromHandler (http://localhost:60886/__cypress/runner/cypress_runner.js:6849:31)\n    at Promise._settlePromise (http://localhost:60886/__cypress/runner/cypress_runner.js:6906:18)\n    at Promise._settlePromise0 (http://localhost:60886/__cypress/runner/cypress_runner.js:6951:10)\n    at Promise._settlePromises (http://localhost:60886/__cypress/runner/cypress_runner.js:7027:18)\n    at _drainQueueStep (http://localhost:60886/__cypress/runner/cypress_runner.js:3621:12)\n    at _drainQueue (http://localhost:60886/__cypress/runner/cypress_runner.js:3614:9)\n    at ../../node_modules/bluebird/js/release/async.js.Async._drainQueues (http://localhost:60886/__cypress/runner/cypress_runner.js:3630:5)\n    at Async.drainQueues (http://localhost:60886/__cypress/runner/cypress_runner.js:3500:14)\nFrom Your Spec Code:\n    at Select.url (webpack:///./cypress/page-object/SelectPage.js:4:11)\n    at Context.eval (webpack:///./cypress/e2e/smoke-test.cy.js:16:15)\n\nFrom Node.js Internals:\n  Error: connect ETIMEDOUT 54.243.238.66:443\n      at TCPConnectWrap.afterConnect [as oncomplete] (node:net:1187:16)",
                "diff": null
              },
              "uuid": "99a2680a-054a-40e3-bb0c-a974641959eb",
              "parentUUID": "7081d619-ca07-422f-aa0d-d1b44cbe92dd",
              "isHook": false,
              "skipped": false
            },
            {
              "title": "Check on hover url",
              "fullTitle": "Smoke test plan to check on the urls are available Check on hover url",
              "timedOut": null,
              "duration": 845,
              "state": "passed",
              "speed": "fast",
              "pass": true,
              "fail": false,
              "pending": false,
              "context": null,
              "code": "hover.url(); // Smoke test to check if the URL are working before testing",
              "err": {},
              "uuid": "575263bd-6f89-4dec-af2e-9149d26cd4d8",
              "parentUUID": "7081d619-ca07-422f-aa0d-d1b44cbe92dd",
              "isHook": false,
              "skipped": false
            },
            {
              "title": "Check on input url",
              "fullTitle": "Smoke test plan to check on the urls are available Check on input url",
              "timedOut": null,
              "duration": 213,
              "state": "passed",
              "speed": "fast",
              "pass": true,
              "fail": false,
              "pending": false,
              "context": null,
              "code": "input.url(); // Smoke test to check if the URL are working before testing",
              "err": {},
              "uuid": "c6d4860a-c125-4b06-8c74-93dac4d44c4b",
              "parentUUID": "7081d619-ca07-422f-aa0d-d1b44cbe92dd",
              "isHook": false,
              "skipped": false
            },
            {
              "title": "Check on login url",
              "fullTitle": "Smoke test plan to check on the urls are available Check on login url",
              "timedOut": null,
              "duration": 335,
              "state": "passed",
              "speed": "fast",
              "pass": true,
              "fail": false,
              "pending": false,
              "context": null,
              "code": "login.url(); // Smoke test to check if the URL are working before testing",
              "err": {},
              "uuid": "3293ca7a-70cf-41bb-829a-3d309cf25bb9",
              "parentUUID": "7081d619-ca07-422f-aa0d-d1b44cbe92dd",
              "isHook": false,
              "skipped": false
            }
          ],
          "suites": [],
          "passes": [
            "575263bd-6f89-4dec-af2e-9149d26cd4d8",
            "c6d4860a-c125-4b06-8c74-93dac4d44c4b",
            "3293ca7a-70cf-41bb-829a-3d309cf25bb9"
          ],
          "failures": [
            "99a2680a-054a-40e3-bb0c-a974641959eb"
          ],
          "pending": [],
          "skipped": [],
          "duration": 22890,
          "root": false,
          "rootEmpty": false,
          "_timeout": 2000
        }
      ],
      "passes": [],
      "failures": [],
      "pending": [],
      "skipped": [],
      "duration": 0,
      "root": true,
      "rootEmpty": true,
      "_timeout": 2000
    }
  ],
  "meta": {
    "mocha": {
      "version": "7.0.1"
    },
    "mochawesome": {
      "options": {
        "quiet": false,
        "reportFilename": "mochawesome",
        "saveHtml": false,
        "saveJson": true,
        "consoleReporter": "spec",
        "useInlineDiffs": false,
        "code": true
      },
      "version": "7.1.3"
    },
    "marge": {
      "options": {
        "id": "default",
        "reportDir": "cypress/results/mochawesome",
        "quite": true,
        "overwrite": false,
        "html": false,
        "json": true
      },
      "version": "6.2.0"
    }
  }
}